<?xml version="1.0" encoding="UTF-8"?>
<!-- Generated by org.testng.reporters.JUnitReportReporter -->
<testsuite skipped="0" hostname="HIBAIL55565" name="com.qa.tests.LoginPageTest" tests="2" failures="0" timestamp="03 Dec 2019 08:52:24 GMT" time="48.371" errors="0">
  <testcase name="checkForLoginPageTitleTest" time="24.566" classname="com.qa.tests.LoginPageTest"/>
  <testcase name="checkForSeleniumJobsLinkTest" time="23.805" classname="com.qa.tests.LoginPageTest"/>
</testsuite> <!-- com.qa.tests.LoginPageTest -->
