<?xml version="1.0" encoding="UTF-8"?>
<!-- Generated by org.testng.reporters.JUnitReportReporter -->
<testsuite skipped="0" hostname="HIBAIL55565" name="com.qa.tests.ContactsPageTest" tests="1" failures="0" timestamp="03 Dec 2019 08:52:24 GMT" time="30.463" errors="0">
  <testcase name="verifyContactPageLabelTest" time="30.463" classname="com.qa.tests.ContactsPageTest"/>
</testsuite> <!-- com.qa.tests.ContactsPageTest -->
